This is pdfTeX, Version 3.141592653-2.6-1.40.24 (MiKTeX 22.10) (preloaded format=pdflatex 2023.11.6)  7 NOV 2023 20:01
entering extended mode
 restricted \write18 enabled.
 file:line:error style messages enabled.
 %&-line parsing enabled.
**./title.tex
(title.tex
LaTeX2e <2022-06-01> patch level 5
L3 programming layer <2022-09-28>

title.tex:1: LaTeX Error: Missing \begin{document}.

See the LaTeX manual or LaTeX Companion for explanation.
Type  H <return>  for immediate help.
 ...                                              
                                                  
l.1 \begin{center}
                  
You're in trouble here.  Try typing  <return>  to proceed.
If that doesn't work, type  X <return>  to quit.


Overfull \hbox (20.0pt too wide) in paragraph at lines 1--1
[] 
 []

title.tex:2: Undefined control sequence.
l.2 	{\large
            
The control sequence at the end of the top line
of your error message was never \def'ed. If you have
misspelled it (e.g., `\hobx'), type `I' and the correct
spelling (e.g., `I\hbox'). Otherwise just continue,
and I'll forget about whatever was undefined.


title.tex:3: LaTeX Error: Unicode character –§ (U+0424)
               not set up for use with LaTeX.

See the LaTeX manual or LaTeX Companion for explanation.
Type  H <return>  for immediate help.
 ...                                              
                                                  
l.3 	–§
       –µ–¥–µ—Ä–∞–ª—å–Ω–æ–µ –≥–æ—Å—É–¥–∞—Ä—Å—Ç–≤–µ–Ω–Ω–æ–µ –∞–≤—Ç–æ–Ω–æ–º–Ω–...

You may provide a definition with
\DeclareUnicodeCharacter 


title.tex:3: LaTeX Error: Unicode character –µ (U+0435)
               not set up for use with LaTeX.

See the LaTeX manual or LaTeX Companion for explanation.
Type  H <return>  for immediate help.
 ...                                              
                                                  
l.3 	–§–µ
         –¥–µ—Ä–∞–ª—å–Ω–æ–µ –≥–æ—Å—É–¥–∞—Ä—Å—Ç–≤–µ–Ω–Ω–æ–µ –∞–≤—Ç–æ–Ω–æ–º–Ω–...

You may provide a definition with
\DeclareUnicodeCharacter 


title.tex:3: LaTeX Error: Unicode character –¥ (U+0434)
               not set up for use with LaTeX.

See the LaTeX manual or LaTeX Companion for explanation.
Type  H <return>  for immediate help.
 ...                                              
                                                  
l.3 	–§–µ–¥
           –µ—Ä–∞–ª—å–Ω–æ–µ –≥–æ—Å—É–¥–∞—Ä—Å—Ç–≤–µ–Ω–Ω–æ–µ –∞–≤—Ç–æ–Ω–æ–º–Ω–...

You may provide a definition with
\DeclareUnicodeCharacter 


title.tex:3: LaTeX Error: Unicode character –µ (U+0435)
               not set up for use with LaTeX.

See the LaTeX manual or LaTeX Companion for explanation.
Type  H <return>  for immediate help.
 ...                                              
                                                  
l.3 	–§–µ–¥–µ
             —Ä–∞–ª—å–Ω–æ–µ –≥–æ—Å—É–¥–∞—Ä—Å—Ç–≤–µ–Ω–Ω–æ–µ –∞–≤—Ç–æ–Ω–æ–º–Ω–...

You may provide a definition with
\DeclareUnicodeCharacter 


title.tex:3: LaTeX Error: Unicode character —Ä (U+0440)
               not set up for use with LaTeX.

See the LaTeX manual or LaTeX Companion for explanation.
Type  H <return>  for immediate help.
 ...                                              
                                                  
l.3 	–§–µ–¥–µ—Ä
               –∞–ª—å–Ω–æ–µ –≥–æ—Å—É–¥–∞—Ä—Å—Ç–≤–µ–Ω–Ω–æ–µ –∞–≤—Ç–æ–Ω–æ–º–Ω–...

You may provide a definition with
\DeclareUnicodeCharacter 


title.tex:3: LaTeX Error: Unicode character –∞ (U+0430)
               not set up for use with LaTeX.

See the LaTeX manual or LaTeX Companion for explanation.
Type  H <return>  for immediate help.
 ...                                              
                                                  
l.3 	–§–µ–¥–µ—Ä–∞
                 –ª—å–Ω–æ–µ –≥–æ—Å—É–¥–∞—Ä—Å—Ç–≤–µ–Ω–Ω–æ–µ –∞–≤—Ç–æ–Ω–æ–º–Ω–...

You may provide a definition with
\DeclareUnicodeCharacter 


title.tex:3: LaTeX Error: Unicode character –ª (U+043B)
               not set up for use with LaTeX.

See the LaTeX manual or LaTeX Companion for explanation.
Type  H <return>  for immediate help.
 ...                                              
                                                  
l.3 	–§–µ–¥–µ—Ä–∞–ª
                   —å–Ω–æ–µ –≥–æ—Å—É–¥–∞—Ä—Å—Ç–≤–µ–Ω–Ω–æ–µ –∞–≤—Ç–æ–Ω–æ–º–Ω–...

You may provide a definition with
\DeclareUnicodeCharacter 


title.tex:3: LaTeX Error: Unicode character —å (U+044C)
               not set up for use with LaTeX.

See the LaTeX manual or LaTeX Companion for explanation.
Type  H <return>  for immediate help.
 ...                                              
                                                  
l.3 	–§–µ–¥–µ—Ä–∞–ª—å
                     –Ω–æ–µ –≥–æ—Å—É–¥–∞—Ä—Å—Ç–≤–µ–Ω–Ω–æ–µ –∞–≤—Ç–æ–Ω–æ–º–Ω–...

You may provide a definition with
\DeclareUnicodeCharacter 


title.tex:3: LaTeX Error: Unicode character –Ω (U+043D)
               not set up for use with LaTeX.

See the LaTeX manual or LaTeX Companion for explanation.
Type  H <return>  for immediate help.
 ...                                              
                                                  
l.3 	–§–µ–¥–µ—Ä–∞–ª—å–Ω
                       –æ–µ –≥–æ—Å—É–¥–∞—Ä—Å—Ç–≤–µ–Ω–Ω–æ–µ –∞–≤—Ç–æ–Ω–æ–º–Ω–...

You may provide a definition with
\DeclareUnicodeCharacter 


title.tex:3: LaTeX Error: Unicode character –æ (U+043E)
               not set up for use with LaTeX.

See the LaTeX manual or LaTeX Companion for explanation.
Type  H <return>  for immediate help.
 ...                                              
                                                  
l.3 	–§–µ–¥–µ—Ä–∞–ª—å–Ω–æ
                         –µ –≥–æ—Å—É–¥–∞—Ä—Å—Ç–≤–µ–Ω–Ω–æ–µ –∞–≤—Ç–æ–Ω–æ–º–Ω–...

You may provide a definition with
\DeclareUnicodeCharacter 


title.tex:3: LaTeX Error: Unicode character –µ (U+0435)
               not set up for use with LaTeX.

See the LaTeX manual or LaTeX Companion for explanation.
Type  H <return>  for immediate help.
 ...                                              
                                                  
l.3 	–§–µ–¥–µ—Ä–∞–ª—å–Ω–æ–µ
                            –≥–æ—Å—É–¥–∞—Ä—Å—Ç–≤–µ–Ω–Ω–æ–µ –∞–≤—Ç–æ–Ω–æ–º–Ω–...

You may provide a definition with
\DeclareUnicodeCharacter 


title.tex:3: LaTeX Error: Unicode character –≥ (U+0433)
               not set up for use with LaTeX.

See the LaTeX manual or LaTeX Companion for explanation.
Type  H <return>  for immediate help.
 ...                                              
                                                  
l.3 	–§–µ–¥–µ—Ä–∞–ª—å–Ω–æ–µ –≥
                              –æ—Å—É–¥–∞—Ä—Å—Ç–≤–µ–Ω–Ω–æ–µ –∞–≤—Ç–æ–Ω–æ–º–Ω–...

You may provide a definition with
\DeclareUnicodeCharacter 


title.tex:3: LaTeX Error: Unicode character –æ (U+043E)
               not set up for use with LaTeX.

See the LaTeX manual or LaTeX Companion for explanation.
Type  H <return>  for immediate help.
 ...                                              
                                                  
l.3 	–§–µ–¥–µ—Ä–∞–ª—å–Ω–æ–µ –≥–æ
                                —Å—É–¥–∞—Ä—Å—Ç–≤–µ–Ω–Ω–æ–µ –∞–≤—Ç–æ–Ω–æ–º–Ω–...

You may provide a definition with
\DeclareUnicodeCharacter 


title.tex:3: LaTeX Error: Unicode character —Å (U+0441)
               not set up for use with LaTeX.

See the LaTeX manual or LaTeX Companion for explanation.
Type  H <return>  for immediate help.
 ...                                              
                                                  
l.3 	–§–µ–¥–µ—Ä–∞–ª—å–Ω–æ–µ –≥–æ—Å
                                  —É–¥–∞—Ä—Å—Ç–≤–µ–Ω–Ω–æ–µ –∞–≤—Ç–æ–Ω–æ–º–Ω–...

You may provide a definition with
\DeclareUnicodeCharacter 


title.tex:3: LaTeX Error: Unicode character —É (U+0443)
               not set up for use with LaTeX.

See the LaTeX manual or LaTeX Companion for explanation.
Type  H <return>  for immediate help.
 ...                                              
                                                  
l.3 	–§–µ–¥–µ—Ä–∞–ª—å–Ω–æ–µ –≥–æ—Å—É
                                    –¥–∞—Ä—Å—Ç–≤–µ–Ω–Ω–æ–µ –∞–≤—Ç–æ–Ω–æ–º–Ω–...

You may provide a definition with
\DeclareUnicodeCharacter 


title.tex:3: LaTeX Error: Unicode character –¥ (U+0434)
               not set up for use with LaTeX.

See the LaTeX manual or LaTeX Companion for explanation.
Type  H <return>  for immediate help.
 ...                                              
                                                  
l.3 	–§–µ–¥–µ—Ä–∞–ª—å–Ω–æ–µ –≥–æ—Å—É–¥
                                      –∞—Ä—Å—Ç–≤–µ–Ω–Ω–æ–µ –∞–≤—Ç–æ–Ω–æ–º–Ω–...

You may provide a definition with
\DeclareUnicodeCharacter 


title.tex:3: LaTeX Error: Unicode character –∞ (U+0430)
               not set up for use with LaTeX.

See the LaTeX manual or LaTeX Companion for explanation.
Type  H <return>  for immediate help.
 ...                                              
                                                  
l.3 	–§–µ–¥–µ—Ä–∞–ª—å–Ω–æ–µ –≥–æ—Å—É–¥–∞
                                        —Ä—Å—Ç–≤–µ–Ω–Ω–æ–µ –∞–≤—Ç–æ–Ω–æ–º–Ω–...

You may provide a definition with
\DeclareUnicodeCharacter 


title.tex:3: LaTeX Error: Unicode character —Ä (U+0440)
               not set up for use with LaTeX.

See the LaTeX manual or LaTeX Companion for explanation.
Type  H <return>  for immediate help.
 ...                                              
                                                  
l.3 	–§–µ–¥–µ—Ä–∞–ª—å–Ω–æ–µ –≥–æ—Å—É–¥–∞—Ä
                                          —Å—Ç–≤–µ–Ω–Ω–æ–µ –∞–≤—Ç–æ–Ω–æ–º–Ω–...

You may provide a definition with
\DeclareUnicodeCharacter 


title.tex:3: LaTeX Error: Unicode character —Å (U+0441)
               not set up for use with LaTeX.

See the LaTeX manual or LaTeX Companion for explanation.
Type  H <return>  for immediate help.
 ...                                              
                                                  
l.3 	–§–µ–¥–µ—Ä–∞–ª—å–Ω–æ–µ –≥–æ—Å—É–¥–∞—Ä—Å
                                            —Ç–≤–µ–Ω–Ω–æ–µ –∞–≤—Ç–æ–Ω–æ–º–Ω–...

You may provide a definition with
\DeclareUnicodeCharacter 


title.tex:3: LaTeX Error: Unicode character —Ç (U+0442)
               not set up for use with LaTeX.

See the LaTeX manual or LaTeX Companion for explanation.
Type  H <return>  for immediate help.
 ...                                              
                                                  
l.3 	–§–µ–¥–µ—Ä–∞–ª—å–Ω–æ–µ –≥–æ—Å—É–¥–∞—Ä—Å—Ç
                                              –≤–µ–Ω–Ω–æ–µ –∞–≤—Ç–æ–Ω–æ–º–Ω–...

You may provide a definition with
\DeclareUnicodeCharacter 


title.tex:3: LaTeX Error: Unicode character –≤ (U+0432)
               not set up for use with LaTeX.

See the LaTeX manual or LaTeX Companion for explanation.
Type  H <return>  for immediate help.
 ...                                              
                                                  
l.3 	–§–µ–¥–µ—Ä–∞–ª—å–Ω–æ–µ –≥–æ—Å—É–¥–∞—Ä—Å—Ç–≤
                                                –µ–Ω–Ω–æ–µ –∞–≤—Ç–æ–Ω–æ–º–Ω–...

You may provide a definition with
\DeclareUnicodeCharacter 


title.tex:3: LaTeX Error: Unicode character –µ (U+0435)
               not set up for use with LaTeX.

See the LaTeX manual or LaTeX Companion for explanation.
Type  H <return>  for immediate help.
 ...                                              
                                                  
l.3 	–§–µ–¥–µ—Ä–∞–ª—å–Ω–æ–µ –≥–æ—Å—É–¥–∞—Ä—Å—Ç–≤–µ
                                                  –Ω–Ω–æ–µ –∞–≤—Ç–æ–Ω–æ–º–Ω–...

You may provide a definition with
\DeclareUnicodeCharacter 


title.tex:3: LaTeX Error: Unicode character –Ω (U+043D)
               not set up for use with LaTeX.

See the LaTeX manual or LaTeX Companion for explanation.
Type  H <return>  for immediate help.
 ...                                              
                                                  
l.3 ...–¥–µ—Ä–∞–ª—å–Ω–æ–µ –≥–æ—Å—É–¥–∞—Ä—Å—Ç–≤–µ–Ω
                                                  –Ω–æ–µ –∞–≤—Ç–æ–Ω–æ–º–Ω–æ–...

You may provide a definition with
\DeclareUnicodeCharacter 


title.tex:3: LaTeX Error: Unicode character –Ω (U+043D)
               not set up for use with LaTeX.

See the LaTeX manual or LaTeX Companion for explanation.
Type  H <return>  for immediate help.
 ...                                              
                                                  
l.3 ...–µ—Ä–∞–ª—å–Ω–æ–µ –≥–æ—Å—É–¥–∞—Ä—Å—Ç–≤–µ–Ω–Ω
                                                  –æ–µ –∞–≤—Ç–æ–Ω–æ–º–Ω–æ–µ ...

You may provide a definition with
\DeclareUnicodeCharacter 


title.tex:3: LaTeX Error: Unicode character –æ (U+043E)
               not set up for use with LaTeX.

See the LaTeX manual or LaTeX Companion for explanation.
Type  H <return>  for immediate help.
 ...                                              
                                                  
l.3 ...—Ä–∞–ª—å–Ω–æ–µ –≥–æ—Å—É–¥–∞—Ä—Å—Ç–≤–µ–Ω–Ω–æ
                                                  –µ –∞–≤—Ç–æ–Ω–æ–º–Ω–æ–µ –æ...

You may provide a definition with
\DeclareUnicodeCharacter 


title.tex:3: LaTeX Error: Unicode character –µ (U+0435)
               not set up for use with LaTeX.

See the LaTeX manual or LaTeX Companion for explanation.
Type  H <return>  for immediate help.
 ...                                              
                                                  
l.3 ...–∞–ª—å–Ω–æ–µ –≥–æ—Å—É–¥–∞—Ä—Å—Ç–≤–µ–Ω–Ω–æ–µ
                                                   –∞–≤—Ç–æ–Ω–æ–º–Ω–æ–µ –æ–±...

You may provide a definition with
\DeclareUnicodeCharacter 


title.tex:3: LaTeX Error: Unicode character –∞ (U+0430)
               not set up for use with LaTeX.

See the LaTeX manual or LaTeX Companion for explanation.
Type  H <return>  for immediate help.
 ...                                              
                                                  
l.3 ...ª—å–Ω–æ–µ –≥–æ—Å—É–¥–∞—Ä—Å—Ç–≤–µ–Ω–Ω–æ–µ –∞
                                                  –≤—Ç–æ–Ω–æ–º–Ω–æ–µ –æ–±—Ä–...

You may provide a definition with
\DeclareUnicodeCharacter 


title.tex:3: LaTeX Error: Unicode character –≤ (U+0432)
               not set up for use with LaTeX.

See the LaTeX manual or LaTeX Companion for explanation.
Type  H <return>  for immediate help.
 ...                                              
                                                  
l.3 ...å–Ω–æ–µ –≥–æ—Å—É–¥–∞—Ä—Å—Ç–≤–µ–Ω–Ω–æ–µ –∞–≤
                                                  —Ç–æ–Ω–æ–º–Ω–æ–µ –æ–±—Ä–∞–...

You may provide a definition with
\DeclareUnicodeCharacter 


title.tex:3: LaTeX Error: Unicode character —Ç (U+0442)
               not set up for use with LaTeX.

See the LaTeX manual or LaTeX Companion for explanation.
Type  H <return>  for immediate help.
 ...                                              
                                                  
l.3 ...Ω–æ–µ –≥–æ—Å—É–¥–∞—Ä—Å—Ç–≤–µ–Ω–Ω–æ–µ –∞–≤—Ç
                                                  –æ–Ω–æ–º–Ω–æ–µ –æ–±—Ä–∞–∑–...

You may provide a definition with
\DeclareUnicodeCharacter 


title.tex:3: LaTeX Error: Unicode character –æ (U+043E)
               not set up for use with LaTeX.

See the LaTeX manual or LaTeX Companion for explanation.
Type  H <return>  for immediate help.
 ...                                              
                                                  
l.3 ...æ–µ –≥–æ—Å—É–¥–∞—Ä—Å—Ç–≤–µ–Ω–Ω–æ–µ –∞–≤—Ç–æ
                                                  –Ω–æ–º–Ω–æ–µ –æ–±—Ä–∞–∑–æ–...

You may provide a definition with
\DeclareUnicodeCharacter 


title.tex:3: LaTeX Error: Unicode character –Ω (U+043D)
               not set up for use with LaTeX.

See the LaTeX manual or LaTeX Companion for explanation.
Type  H <return>  for immediate help.
 ...                                              
                                                  
l.3 ...µ –≥–æ—Å—É–¥–∞—Ä—Å—Ç–≤–µ–Ω–Ω–æ–µ –∞–≤—Ç–æ–Ω
                                                  –æ–º–Ω–æ–µ –æ–±—Ä–∞–∑–æ–≤–...

You may provide a definition with
\DeclareUnicodeCharacter 


title.tex:3: LaTeX Error: Unicode character –æ (U+043E)
               not set up for use with LaTeX.

See the LaTeX manual or LaTeX Companion for explanation.
Type  H <return>  for immediate help.
 ...                                              
                                                  
l.3 ...–≥–æ—Å—É–¥–∞—Ä—Å—Ç–≤–µ–Ω–Ω–æ–µ –∞–≤—Ç–æ–Ω–æ
                                                  –º–Ω–æ–µ –æ–±—Ä–∞–∑–æ–≤–∞—...

You may provide a definition with
\DeclareUnicodeCharacter 


title.tex:3: LaTeX Error: Unicode character –º (U+043C)
               not set up for use with LaTeX.

See the LaTeX manual or LaTeX Companion for explanation.
Type  H <return>  for immediate help.
 ...                                              
                                                  
l.3 ...–æ—Å—É–¥–∞—Ä—Å—Ç–≤–µ–Ω–Ω–æ–µ –∞–≤—Ç–æ–Ω–æ–º
                                                  –Ω–æ–µ –æ–±—Ä–∞–∑–æ–≤–∞—Ç–...

You may provide a definition with
\DeclareUnicodeCharacter 


title.tex:3: LaTeX Error: Unicode character –Ω (U+043D)
               not set up for use with LaTeX.

See the LaTeX manual or LaTeX Companion for explanation.
Type  H <return>  for immediate help.
 ...                                              
                                                  
l.3 ...—Å—É–¥–∞—Ä—Å—Ç–≤–µ–Ω–Ω–æ–µ –∞–≤—Ç–æ–Ω–æ–º–Ω
                                                  –æ–µ –æ–±—Ä–∞–∑–æ–≤–∞—Ç–µ–...

You may provide a definition with
\DeclareUnicodeCharacter 


title.tex:3: LaTeX Error: Unicode character –æ (U+043E)
               not set up for use with LaTeX.

See the LaTeX manual or LaTeX Companion for explanation.
Type  H <return>  for immediate help.
 ...                                              
                                                  
l.3 ...—É–¥–∞—Ä—Å—Ç–≤–µ–Ω–Ω–æ–µ –∞–≤—Ç–æ–Ω–æ–º–Ω–æ
                                                  –µ –æ–±—Ä–∞–∑–æ–≤–∞—Ç–µ–ª—...

You may provide a definition with
\DeclareUnicodeCharacter 


title.tex:3: LaTeX Error: Unicode character –µ (U+0435)
               not set up for use with LaTeX.

See the LaTeX manual or LaTeX Companion for explanation.
Type  H <return>  for immediate help.
 ...                                              
                                                  
l.3 ...–¥–∞—Ä—Å—Ç–≤–µ–Ω–Ω–æ–µ –∞–≤—Ç–æ–Ω–æ–º–Ω–æ–µ
                                                   –æ–±—Ä–∞–∑–æ–≤–∞—Ç–µ–ª—å–...

You may provide a definition with
\DeclareUnicodeCharacter 


title.tex:3: LaTeX Error: Unicode character –æ (U+043E)
               not set up for use with LaTeX.

See the LaTeX manual or LaTeX Companion for explanation.
Type  H <return>  for immediate help.
 ...                                              
                                                  
l.3 ...∞—Ä—Å—Ç–≤–µ–Ω–Ω–æ–µ –∞–≤—Ç–æ–Ω–æ–º–Ω–æ–µ –æ
                                                  –±—Ä–∞–∑–æ–≤–∞—Ç–µ–ª—å–Ω–æ...

You may provide a definition with
\DeclareUnicodeCharacter 


title.tex:3: LaTeX Error: Unicode character –± (U+0431)
               not set up for use with LaTeX.

See the LaTeX manual or LaTeX Companion for explanation.
Type  H <return>  for immediate help.
 ...                                              
                                                  
l.3 ...Ä—Å—Ç–≤–µ–Ω–Ω–æ–µ –∞–≤—Ç–æ–Ω–æ–º–Ω–æ–µ –æ–±
                                                  —Ä–∞–∑–æ–≤–∞—Ç–µ–ª—å–Ω–æ–µ...

You may provide a definition with
\DeclareUnicodeCharacter 


title.tex:3: LaTeX Error: Unicode character —Ä (U+0440)
               not set up for use with LaTeX.

See the LaTeX manual or LaTeX Companion for explanation.
Type  H <return>  for immediate help.
 ...                                              
                                                  
l.3 ...Å—Ç–≤–µ–Ω–Ω–æ–µ –∞–≤—Ç–æ–Ω–æ–º–Ω–æ–µ –æ–±—Ä
                                                  –∞–∑–æ–≤–∞—Ç–µ–ª—å–Ω–æ–µ —...

You may provide a definition with
\DeclareUnicodeCharacter 


title.tex:3: LaTeX Error: Unicode character –∞ (U+0430)
               not set up for use with LaTeX.

See the LaTeX manual or LaTeX Companion for explanation.
Type  H <return>  for immediate help.
 ...                                              
                                                  
l.3 ...Ç–≤–µ–Ω–Ω–æ–µ –∞–≤—Ç–æ–Ω–æ–º–Ω–æ–µ –æ–±—Ä–∞
                                                  –∑–æ–≤–∞—Ç–µ–ª—å–Ω–æ–µ —É—...

You may provide a definition with
\DeclareUnicodeCharacter 


title.tex:3: LaTeX Error: Unicode character –∑ (U+0437)
               not set up for use with LaTeX.

See the LaTeX manual or LaTeX Companion for explanation.
Type  H <return>  for immediate help.
 ...                                              
                                                  
l.3 ...≤–µ–Ω–Ω–æ–µ –∞–≤—Ç–æ–Ω–æ–º–Ω–æ–µ –æ–±—Ä–∞–∑
                                                  –æ–≤–∞—Ç–µ–ª—å–Ω–æ–µ —É—á—...

You may provide a definition with
\DeclareUnicodeCharacter 


title.tex:3: LaTeX Error: Unicode character –æ (U+043E)
               not set up for use with LaTeX.

See the LaTeX manual or LaTeX Companion for explanation.
Type  H <return>  for immediate help.
 ...                                              
                                                  
l.3 ...µ–Ω–Ω–æ–µ –∞–≤—Ç–æ–Ω–æ–º–Ω–æ–µ –æ–±—Ä–∞–∑–æ
                                                  –≤–∞—Ç–µ–ª—å–Ω–æ–µ —É—á—Ä–...

You may provide a definition with
\DeclareUnicodeCharacter 


title.tex:3: LaTeX Error: Unicode character –≤ (U+0432)
               not set up for use with LaTeX.

See the LaTeX manual or LaTeX Companion for explanation.
Type  H <return>  for immediate help.
 ...                                              
                                                  
l.3 ...Ω–Ω–æ–µ –∞–≤—Ç–æ–Ω–æ–º–Ω–æ–µ –æ–±—Ä–∞–∑–æ–≤
                                                  –∞—Ç–µ–ª—å–Ω–æ–µ —É—á—Ä–µ–...

You may provide a definition with
\DeclareUnicodeCharacter 


title.tex:3: LaTeX Error: Unicode character –∞ (U+0430)
               not set up for use with LaTeX.

See the LaTeX manual or LaTeX Companion for explanation.
Type  H <return>  for immediate help.
 ...                                              
                                                  
l.3 ...Ω–æ–µ –∞–≤—Ç–æ–Ω–æ–º–Ω–æ–µ –æ–±—Ä–∞–∑–æ–≤–∞
                                                  —Ç–µ–ª—å–Ω–æ–µ —É—á—Ä–µ–∂–...

You may provide a definition with
\DeclareUnicodeCharacter 


title.tex:3: LaTeX Error: Unicode character —Ç (U+0442)
               not set up for use with LaTeX.

See the LaTeX manual or LaTeX Companion for explanation.
Type  H <return>  for immediate help.
 ...                                              
                                                  
l.3 ...æ–µ –∞–≤—Ç–æ–Ω–æ–º–Ω–æ–µ –æ–±—Ä–∞–∑–æ–≤–∞—Ç
                                                  –µ–ª—å–Ω–æ–µ —É—á—Ä–µ–∂–¥–...

You may provide a definition with
\DeclareUnicodeCharacter 


title.tex:3: LaTeX Error: Unicode character –µ (U+0435)
               not set up for use with LaTeX.

See the LaTeX manual or LaTeX Companion for explanation.
Type  H <return>  for immediate help.
 ...                                              
                                                  
l.3 ...µ –∞–≤—Ç–æ–Ω–æ–º–Ω–æ–µ –æ–±—Ä–∞–∑–æ–≤–∞—Ç–µ
                                                  –ª—å–Ω–æ–µ —É—á—Ä–µ–∂–¥–µ–...

You may provide a definition with
\DeclareUnicodeCharacter 


title.tex:3: LaTeX Error: Unicode character –ª (U+043B)
               not set up for use with LaTeX.

See the LaTeX manual or LaTeX Companion for explanation.
Type  H <return>  for immediate help.
 ...                                              
                                                  
l.3 ...–∞–≤—Ç–æ–Ω–æ–º–Ω–æ–µ –æ–±—Ä–∞–∑–æ–≤–∞—Ç–µ–ª
                                                  —å–Ω–æ–µ —É—á—Ä–µ–∂–¥–µ–Ω–...

You may provide a definition with
\DeclareUnicodeCharacter 


title.tex:3: LaTeX Error: Unicode character —å (U+044C)
               not set up for use with LaTeX.

See the LaTeX manual or LaTeX Companion for explanation.
Type  H <return>  for immediate help.
 ...                                              
                                                  
l.3 ...–≤—Ç–æ–Ω–æ–º–Ω–æ–µ –æ–±—Ä–∞–∑–æ–≤–∞—Ç–µ–ª—å
                                                  –Ω–æ–µ —É—á—Ä–µ–∂–¥–µ–Ω–∏–µ\\

You may provide a definition with
\DeclareUnicodeCharacter 


title.tex:3: LaTeX Error: Unicode character –Ω (U+043D)
               not set up for use with LaTeX.

See the LaTeX manual or LaTeX Companion for explanation.
Type  H <return>  for immediate help.
 ...                                              
                                                  
l.3 ...—Ç–æ–Ω–æ–º–Ω–æ–µ –æ–±—Ä–∞–∑–æ–≤–∞—Ç–µ–ª—å–Ω
                                                  –æ–µ —É—á—Ä–µ–∂–¥–µ–Ω–∏–µ\\
You may provide a definition with
\DeclareUnicodeCharacter 


title.tex:3: LaTeX Error: Unicode character –æ (U+043E)
               not set up for use with LaTeX.

See the LaTeX manual or LaTeX Companion for explanation.
Type  H <return>  for immediate help.
 ...                                              
                                                  
l.3 ...–æ–Ω–æ–º–Ω–æ–µ –æ–±—Ä–∞–∑–æ–≤–∞—Ç–µ–ª—å–Ω–æ
                                                  –µ —É—á—Ä–µ–∂–¥–µ–Ω–∏–µ\\
You may provide a definition with
\DeclareUnicodeCharacter 


title.tex:3: LaTeX Error: Unicode character –µ (U+0435)
               not set up for use with LaTeX.

See the LaTeX manual or LaTeX Companion for explanation.
Type  H <return>  for immediate help.
 ...                                              
                                                  
l.3 ...–Ω–æ–º–Ω–æ–µ –æ–±—Ä–∞–∑–æ–≤–∞—Ç–µ–ª—å–Ω–æ–µ
                                                   —É—á—Ä–µ–∂–¥–µ–Ω–∏–µ\\
You may provide a definition with
\DeclareUnicodeCharacter 


title.tex:3: LaTeX Error: Unicode character —É (U+0443)
               not set up for use with LaTeX.

See the LaTeX manual or LaTeX Companion for explanation.
Type  H <return>  for immediate help.
 ...                                              
                                                  
l.3 ...æ–º–Ω–æ–µ –æ–±—Ä–∞–∑–æ–≤–∞—Ç–µ–ª—å–Ω–æ–µ —É
                                                  —á—Ä–µ–∂–¥–µ–Ω–∏–µ\\
You may provide a definition with
\DeclareUnicodeCharacter 


title.tex:3: LaTeX Error: Unicode character —á (U+0447)
               not set up for use with LaTeX.

See the LaTeX manual or LaTeX Companion for explanation.
Type  H <return>  for immediate help.
 ...                                              
                                                  
l.3 ...º–Ω–æ–µ –æ–±—Ä–∞–∑–æ–≤–∞—Ç–µ–ª—å–Ω–æ–µ —É—á
                                                  —Ä–µ–∂–¥–µ–Ω–∏–µ\\
You may provide a definition with
\DeclareUnicodeCharacter 


title.tex:3: LaTeX Error: Unicode character —Ä (U+0440)
               not set up for use with LaTeX.

See the LaTeX manual or LaTeX Companion for explanation.
Type  H <return>  for immediate help.
 ...                                              
                                                  
l.3 ...Ω–æ–µ –æ–±—Ä–∞–∑–æ–≤–∞—Ç–µ–ª—å–Ω–æ–µ —É—á—Ä
                                                  –µ–∂–¥–µ–Ω–∏–µ\\
You may provide a definition with
\DeclareUnicodeCharacter 


title.tex:3: LaTeX Error: Unicode character –µ (U+0435)
               not set up for use with LaTeX.

See the LaTeX manual or LaTeX Companion for explanation.
Type  H <return>  for immediate help.
 ...                                              
                                                  
l.3 ...æ–µ –æ–±—Ä–∞–∑–æ–≤–∞—Ç–µ–ª—å–Ω–æ–µ —É—á—Ä–µ
                                                  –∂–¥–µ–Ω–∏–µ\\
You may provide a definition with
\DeclareUnicodeCharacter 


title.tex:3: LaTeX Error: Unicode character –∂ (U+0436)
               not set up for use with LaTeX.

See the LaTeX manual or LaTeX Companion for explanation.
Type  H <return>  for immediate help.
 ...                                              
                                                  
l.3 ...µ –æ–±—Ä–∞–∑–æ–≤–∞—Ç–µ–ª—å–Ω–æ–µ —É—á—Ä–µ–∂
                                                  –¥–µ–Ω–∏–µ\\
You may provide a definition with
\DeclareUnicodeCharacter 


title.tex:3: LaTeX Error: Unicode character –¥ (U+0434)
               not set up for use with LaTeX.

See the LaTeX manual or LaTeX Companion for explanation.
Type  H <return>  for immediate help.
 ...                                              
                                                  
l.3 ...–æ–±—Ä–∞–∑–æ–≤–∞—Ç–µ–ª—å–Ω–æ–µ —É—á—Ä–µ–∂–¥
                                                  –µ–Ω–∏–µ\\
You may provide a definition with
\DeclareUnicodeCharacter 


title.tex:3: LaTeX Error: Unicode character –µ (U+0435)
               not set up for use with LaTeX.

See the LaTeX manual or LaTeX Companion for explanation.
Type  H <return>  for immediate help.
 ...                                              
                                                  
l.3 ...–±—Ä–∞–∑–æ–≤–∞—Ç–µ–ª—å–Ω–æ–µ —É—á—Ä–µ–∂–¥–µ
                                                  –Ω–∏–µ\\
You may provide a definition with
\DeclareUnicodeCharacter 


title.tex:3: LaTeX Error: Unicode character –Ω (U+043D)
               not set up for use with LaTeX.

See the LaTeX manual or LaTeX Companion for explanation.
Type  H <return>  for immediate help.
 ...                                              
                                                  
l.3 ...—Ä–∞–∑–æ–≤–∞—Ç–µ–ª—å–Ω–æ–µ —É—á—Ä–µ–∂–¥–µ–Ω
                                                  –∏–µ\\
You may provide a definition with
\DeclareUnicodeCharacter 


title.tex:3: LaTeX Error: Unicode character –∏ (U+0438)
               not set up for use with LaTeX.

See the LaTeX manual or LaTeX Companion for explanation.
Type  H <return>  for immediate help.
 ...                                              
                                                  
l.3 ...–∞–∑–æ–≤–∞—Ç–µ–ª—å–Ω–æ–µ —É—á—Ä–µ–∂–¥–µ–Ω–∏
                                                  –µ\\
You may provide a definition with
\DeclareUnicodeCharacter 


title.tex:3: LaTeX Error: Unicode character –µ (U+0435)
               not set up for use with LaTeX.

See the LaTeX manual or LaTeX Companion for explanation.
Type  H <return>  for immediate help.
 ...                                              
                                                  
l.3 ...–∑–æ–≤–∞—Ç–µ–ª—å–Ω–æ–µ —É—á—Ä–µ–∂–¥–µ–Ω–∏–µ
                                                  \\
You may provide a definition with
\DeclareUnicodeCharacter 


title.tex:3: LaTeX Error: There's no line here to end.

See the LaTeX manual or LaTeX Companion for explanation.
Type  H <return>  for immediate help.
 ...                                              
                                                  
l.3 ...–æ–≤–∞—Ç–µ–ª—å–Ω–æ–µ —É—á—Ä–µ–∂–¥–µ–Ω–∏–µ\\
                                                  
Your command was ignored.
Type  I <command> <return>  to replace it with another command,
or  <return>  to continue without it.


title.tex:4: LaTeX Error: Unicode character –≤ (U+0432)
               not set up for use with LaTeX.

See the LaTeX manual or LaTeX Companion for explanation.
Type  H <return>  for immediate help.
 ...                                              
                                                  
l.4 	–≤
       —ã—Å—à–µ–≥–æ –æ–±—Ä–∞–∑–æ–≤–∞–Ω–∏—è\\
You may provide a definition with
\DeclareUnicodeCharacter 


title.tex:4: LaTeX Error: Unicode character —ã (U+044B)
               not set up for use with LaTeX.

See the LaTeX manual or LaTeX Companion for explanation.
Type  H <return>  for immediate help.
 ...                                              
                                                  
l.4 	–≤—ã
         —Å—à–µ–≥–æ –æ–±—Ä–∞–∑–æ–≤–∞–Ω–∏—è\\
You may provide a definition with
\DeclareUnicodeCharacter 


title.tex:4: LaTeX Error: Unicode character —Å (U+0441)
               not set up for use with LaTeX.

See the LaTeX manual or LaTeX Companion for explanation.
Type  H <return>  for immediate help.
 ...                                              
                                                  
l.4 	–≤—ã—Å
           —à–µ–≥–æ –æ–±—Ä–∞–∑–æ–≤–∞–Ω–∏—è\\
You may provide a definition with
\DeclareUnicodeCharacter 


title.tex:4: LaTeX Error: Unicode character —à (U+0448)
               not set up for use with LaTeX.

See the LaTeX manual or LaTeX Companion for explanation.
Type  H <return>  for immediate help.
 ...                                              
                                                  
l.4 	–≤—ã—Å—à
             –µ–≥–æ –æ–±—Ä–∞–∑–æ–≤–∞–Ω–∏—è\\
You may provide a definition with
\DeclareUnicodeCharacter 


title.tex:4: LaTeX Error: Unicode character –µ (U+0435)
               not set up for use with LaTeX.

See the LaTeX manual or LaTeX Companion for explanation.
Type  H <return>  for immediate help.
 ...                                              
                                                  
l.4 	–≤—ã—Å—à–µ
               –≥–æ –æ–±—Ä–∞–∑–æ–≤–∞–Ω–∏—è\\
You may provide a definition with
\DeclareUnicodeCharacter 


title.tex:4: LaTeX Error: Unicode character –≥ (U+0433)
               not set up for use with LaTeX.

See the LaTeX manual or LaTeX Companion for explanation.
Type  H <return>  for immediate help.
 ...                                              
                                                  
l.4 	–≤—ã—Å—à–µ–≥
                 –æ –æ–±—Ä–∞–∑–æ–≤–∞–Ω–∏—è\\
You may provide a definition with
\DeclareUnicodeCharacter 


title.tex:4: LaTeX Error: Unicode character –æ (U+043E)
               not set up for use with LaTeX.

See the LaTeX manual or LaTeX Companion for explanation.
Type  H <return>  for immediate help.
 ...                                              
                                                  
l.4 	–≤—ã—Å—à–µ–≥–æ
                    –æ–±—Ä–∞–∑–æ–≤–∞–Ω–∏—è\\
You may provide a definition with
\DeclareUnicodeCharacter 


title.tex:4: LaTeX Error: Unicode character –æ (U+043E)
               not set up for use with LaTeX.

See the LaTeX manual or LaTeX Companion for explanation.
Type  H <return>  for immediate help.
 ...                                              
                                                  
l.4 	–≤—ã—Å—à–µ–≥–æ –æ
                      –±—Ä–∞–∑–æ–≤–∞–Ω–∏—è\\
You may provide a definition with
\DeclareUnicodeCharacter 


title.tex:4: LaTeX Error: Unicode character –± (U+0431)
               not set up for use with LaTeX.

See the LaTeX manual or LaTeX Companion for explanation.
Type  H <return>  for immediate help.
 ...                                              
                                                  
l.4 	–≤—ã—Å—à–µ–≥–æ –æ–±
                        —Ä–∞–∑–æ–≤–∞–Ω–∏—è\\
You may provide a definition with
\DeclareUnicodeCharacter 


title.tex:4: LaTeX Error: Unicode character —Ä (U+0440)
               not set up for use with LaTeX.

See the LaTeX manual or LaTeX Companion for explanation.
Type  H <return>  for immediate help.
 ...                                              
                                                  
l.4 	–≤—ã—Å—à–µ–≥–æ –æ–±—Ä
                          –∞–∑–æ–≤–∞–Ω–∏—è\\
You may provide a definition with
\DeclareUnicodeCharacter 


title.tex:4: LaTeX Error: Unicode character –∞ (U+0430)
               not set up for use with LaTeX.

See the LaTeX manual or LaTeX Companion for explanation.
Type  H <return>  for immediate help.
 ...                                              
                                                  
l.4 	–≤—ã—Å—à–µ–≥–æ –æ–±—Ä–∞
                            –∑–æ–≤–∞–Ω–∏—è\\
You may provide a definition with
\DeclareUnicodeCharacter 


title.tex:4: LaTeX Error: Unicode character –∑ (U+0437)
               not set up for use with LaTeX.

See the LaTeX manual or LaTeX Companion for explanation.
Type  H <return>  for immediate help.
 ...                                              
                                                  
l.4 	–≤—ã—Å—à–µ–≥–æ –æ–±—Ä–∞–∑
                              –æ–≤–∞–Ω–∏—è\\
You may provide a definition with
\DeclareUnicodeCharacter 


title.tex:4: LaTeX Error: Unicode character –æ (U+043E)
               not set up for use with LaTeX.

See the LaTeX manual or LaTeX Companion for explanation.
Type  H <return>  for immediate help.
 ...                                              
                                                  
l.4 	–≤—ã—Å—à–µ–≥–æ –æ–±—Ä–∞–∑–æ
                                –≤–∞–Ω–∏—è\\
You may provide a definition with
\DeclareUnicodeCharacter 


title.tex:4: LaTeX Error: Unicode character –≤ (U+0432)
               not set up for use with LaTeX.

See the LaTeX manual or LaTeX Companion for explanation.
Type  H <return>  for immediate help.
 ...                                              
                                                  
l.4 	–≤—ã—Å—à–µ–≥–æ –æ–±—Ä–∞–∑–æ–≤
                                  –∞–Ω–∏—è\\
You may provide a definition with
\DeclareUnicodeCharacter 


title.tex:4: LaTeX Error: Unicode character –∞ (U+0430)
               not set up for use with LaTeX.

See the LaTeX manual or LaTeX Companion for explanation.
Type  H <return>  for immediate help.
 ...                                              
                                                  
l.4 	–≤—ã—Å—à–µ–≥–æ –æ–±—Ä–∞–∑–æ–≤–∞
                                    –Ω–∏—è\\
You may provide a definition with
\DeclareUnicodeCharacter 


title.tex:4: LaTeX Error: Unicode character –Ω (U+043D)
               not set up for use with LaTeX.

See the LaTeX manual or LaTeX Companion for explanation.
Type  H <return>  for immediate help.
 ...                                              
                                                  
l.4 	–≤—ã—Å—à–µ–≥–æ –æ–±—Ä–∞–∑–æ–≤–∞–Ω
                                      –∏—è\\
You may provide a definition with
\DeclareUnicodeCharacter 


title.tex:4: LaTeX Error: Unicode character –∏ (U+0438)
               not set up for use with LaTeX.

See the LaTeX manual or LaTeX Companion for explanation.
Type  H <return>  for immediate help.
 ...                                              
                                                  
l.4 	–≤—ã—Å—à–µ–≥–æ –æ–±—Ä–∞–∑–æ–≤–∞–Ω–∏
                                        —è\\
You may provide a definition with
\DeclareUnicodeCharacter 


title.tex:4: LaTeX Error: Unicode character —è (U+044F)
               not set up for use with LaTeX.

See the LaTeX manual or LaTeX Companion for explanation.
Type  H <return>  for immediate help.
 ...                                              
                                                  
l.4 	–≤—ã—Å—à–µ–≥–æ –æ–±—Ä–∞–∑–æ–≤–∞–Ω–∏—è
                                          \\
You may provide a definition with
\DeclareUnicodeCharacter 


title.tex:4: LaTeX Error: There's no line here to end.

See the LaTeX manual or LaTeX Companion for explanation.
Type  H <return>  for immediate help.
 ...                                              
                                                  
l.4 	–≤—ã—Å—à–µ–≥–æ –æ–±—Ä–∞–∑–æ–≤–∞–Ω–∏—è\\
                                            
Your command was ignored.
Type  I <command> <return>  to replace it with another command,
or  <return>  to continue without it.


title.tex:5: LaTeX Error: Command \guillemetleft unavailable in encoding .

See the LaTeX manual or LaTeX Companion for explanation.
Type  H <return>  for immediate help.
 ...                                              
                                                  
l.5 	¬´
       –ù–∞—Ü–∏–æ–Ω–∞–ª—å–Ω—ã–π –∏—Å—Å–ª–µ–¥–æ–≤–∞—Ç–µ–ª—å—Å–∫–∏–π —É–Ω–∏–≤–...

Your command was ignored.
Type  I <command> <return>  to replace it with another command,
or  <return>  to continue without it.


title.tex:5: LaTeX Error: Unicode character –ù (U+041D)
               not set up for use with LaTeX.

See the LaTeX manual or LaTeX Companion for explanation.
Type  H <return>  for immediate help.
 ...                                              
                                                  
l.5 	¬´–ù
         –∞—Ü–∏–æ–Ω–∞–ª—å–Ω—ã–π –∏—Å—Å–ª–µ–¥–æ–≤–∞—Ç–µ–ª—å—Å–∫–∏–π —É–Ω–∏–≤–...

You may provide a definition with
\DeclareUnicodeCharacter 


title.tex:5: LaTeX Error: Unicode character –∞ (U+0430)
               not set up for use with LaTeX.

See the LaTeX manual or LaTeX Companion for explanation.
Type  H <return>  for immediate help.
 ...                                              
                                                  
l.5 	¬´–ù–∞
           —Ü–∏–æ–Ω–∞–ª—å–Ω—ã–π –∏—Å—Å–ª–µ–¥–æ–≤–∞—Ç–µ–ª—å—Å–∫–∏–π —É–Ω–∏–≤–...

You may provide a definition with
\DeclareUnicodeCharacter 


title.tex:5: LaTeX Error: Unicode character —Ü (U+0446)
               not set up for use with LaTeX.

See the LaTeX manual or LaTeX Companion for explanation.
Type  H <return>  for immediate help.
 ...                                              
                                                  
l.5 	¬´–ù–∞—Ü
             –∏–æ–Ω–∞–ª—å–Ω—ã–π –∏—Å—Å–ª–µ–¥–æ–≤–∞—Ç–µ–ª—å—Å–∫–∏–π —É–Ω–∏–≤–...

You may provide a definition with
\DeclareUnicodeCharacter 


title.tex:5: LaTeX Error: Unicode character –∏ (U+0438)
               not set up for use with LaTeX.

See the LaTeX manual or LaTeX Companion for explanation.
Type  H <return>  for immediate help.
 ...                                              
                                                  
l.5 	¬´–ù–∞—Ü–∏
               –æ–Ω–∞–ª—å–Ω—ã–π –∏—Å—Å–ª–µ–¥–æ–≤–∞—Ç–µ–ª—å—Å–∫–∏–π —É–Ω–∏–≤–...

You may provide a definition with
\DeclareUnicodeCharacter 


title.tex:5: LaTeX Error: Unicode character –æ (U+043E)
               not set up for use with LaTeX.

See the LaTeX manual or LaTeX Companion for explanation.
Type  H <return>  for immediate help.
 ...                                              
                                                  
l.5 	¬´–ù–∞—Ü–∏–æ
                 –Ω–∞–ª—å–Ω—ã–π –∏—Å—Å–ª–µ–¥–æ–≤–∞—Ç–µ–ª—å—Å–∫–∏–π —É–Ω–∏–≤–...

You may provide a definition with
\DeclareUnicodeCharacter 


title.tex:5: LaTeX Error: Unicode character –Ω (U+043D)
               not set up for use with LaTeX.

See the LaTeX manual or LaTeX Companion for explanation.
Type  H <return>  for immediate help.
 ...                                              
                                                  
l.5 	¬´–ù–∞—Ü–∏–æ–Ω
                   –∞–ª—å–Ω—ã–π –∏—Å—Å–ª–µ–¥–æ–≤–∞—Ç–µ–ª—å—Å–∫–∏–π —É–Ω–∏–≤–...

You may provide a definition with
\DeclareUnicodeCharacter 


title.tex:5: LaTeX Error: Unicode character –∞ (U+0430)
               not set up for use with LaTeX.

See the LaTeX manual or LaTeX Companion for explanation.
Type  H <return>  for immediate help.
 ...                                              
                                                  
l.5 	¬´–ù–∞—Ü–∏–æ–Ω–∞
                     –ª—å–Ω—ã–π –∏—Å—Å–ª–µ–¥–æ–≤–∞—Ç–µ–ª—å—Å–∫–∏–π —É–Ω–∏–≤–...

You may provide a definition with
\DeclareUnicodeCharacter 


title.tex:5: LaTeX Error: Unicode character –ª (U+043B)
               not set up for use with LaTeX.

See the LaTeX manual or LaTeX Companion for explanation.
Type  H <return>  for immediate help.
 ...                                              
                                                  
l.5 	¬´–ù–∞—Ü–∏–æ–Ω–∞–ª
                       —å–Ω—ã–π –∏—Å—Å–ª–µ–¥–æ–≤–∞—Ç–µ–ª—å—Å–∫–∏–π —É–Ω–∏–≤–...

You may provide a definition with
\DeclareUnicodeCharacter 


title.tex:5: LaTeX Error: Unicode character —å (U+044C)
               not set up for use with LaTeX.

See the LaTeX manual or LaTeX Companion for explanation.
Type  H <return>  for immediate help.
 ...                                              
                                                  
l.5 	¬´–ù–∞—Ü–∏–æ–Ω–∞–ª—å
                         –Ω—ã–π –∏—Å—Å–ª–µ–¥–æ–≤–∞—Ç–µ–ª—å—Å–∫–∏–π —É–Ω–∏–≤–...

You may provide a definition with
\DeclareUnicodeCharacter 


title.tex:5: LaTeX Error: Unicode character –Ω (U+043D)
               not set up for use with LaTeX.

See the LaTeX manual or LaTeX Companion for explanation.
Type  H <return>  for immediate help.
 ...                                              
                                                  
l.5 	¬´–ù–∞—Ü–∏–æ–Ω–∞–ª—å–Ω
                           —ã–π –∏—Å—Å–ª–µ–¥–æ–≤–∞—Ç–µ–ª—å—Å–∫–∏–π —É–Ω–∏–≤–...

You may provide a definition with
\DeclareUnicodeCharacter 


title.tex:5: LaTeX Error: Unicode character —ã (U+044B)
               not set up for use with LaTeX.

See the LaTeX manual or LaTeX Companion for explanation.
Type  H <return>  for immediate help.
 ...                                              
                                                  
l.5 	¬´–ù–∞—Ü–∏–æ–Ω–∞–ª—å–Ω—ã
                             –π –∏—Å—Å–ª–µ–¥–æ–≤–∞—Ç–µ–ª—å—Å–∫–∏–π —É–Ω–∏–≤–...

You may provide a definition with
\DeclareUnicodeCharacter 


title.tex:5: LaTeX Error: Unicode character –π (U+0439)
               not set up for use with LaTeX.

See the LaTeX manual or LaTeX Companion for explanation.
Type  H <return>  for immediate help.
 ...                                              
                                                  
l.5 	¬´–ù–∞—Ü–∏–æ–Ω–∞–ª—å–Ω—ã–π
                                –∏—Å—Å–ª–µ–¥–æ–≤–∞—Ç–µ–ª—å—Å–∫–∏–π —É–Ω–∏–≤–...

You may provide a definition with
\DeclareUnicodeCharacter 


title.tex:5: LaTeX Error: Unicode character –∏ (U+0438)
               not set up for use with LaTeX.

See the LaTeX manual or LaTeX Companion for explanation.
Type  H <return>  for immediate help.
 ...                                              
                                                  
l.5 	¬´–ù–∞—Ü–∏–æ–Ω–∞–ª—å–Ω—ã–π –∏
                                  —Å—Å–ª–µ–¥–æ–≤–∞—Ç–µ–ª—å—Å–∫–∏–π —É–Ω–∏–≤–...

You may provide a definition with
\DeclareUnicodeCharacter 


title.tex:5: LaTeX Error: Unicode character —Å (U+0441)
               not set up for use with LaTeX.

See the LaTeX manual or LaTeX Companion for explanation.
Type  H <return>  for immediate help.
 ...                                              
                                                  
l.5 	¬´–ù–∞—Ü–∏–æ–Ω–∞–ª—å–Ω—ã–π –∏—Å
                                    —Å–ª–µ–¥–æ–≤–∞—Ç–µ–ª—å—Å–∫–∏–π —É–Ω–∏–≤–...

You may provide a definition with
\DeclareUnicodeCharacter 


title.tex:5: LaTeX Error: Unicode character —Å (U+0441)
               not set up for use with LaTeX.

See the LaTeX manual or LaTeX Companion for explanation.
Type  H <return>  for immediate help.
 ...                                              
                                                  
l.5 	¬´–ù–∞—Ü–∏–æ–Ω–∞–ª—å–Ω—ã–π –∏—Å—Å
                                      –ª–µ–¥–æ–≤–∞—Ç–µ–ª—å—Å–∫–∏–π —É–Ω–∏–≤–...

You may provide a definition with
\DeclareUnicodeCharacter 


title.tex:5: LaTeX Error: Unicode character –ª (U+043B)
               not set up for use with LaTeX.

See the LaTeX manual or LaTeX Companion for explanation.
Type  H <return>  for immediate help.
 ...                                              
                                                  
l.5 	¬´–ù–∞—Ü–∏–æ–Ω–∞–ª—å–Ω—ã–π –∏—Å—Å–ª
                                        –µ–¥–æ–≤–∞—Ç–µ–ª—å—Å–∫–∏–π —É–Ω–∏–≤–...

You may provide a definition with
\DeclareUnicodeCharacter 


title.tex:5: LaTeX Error: Unicode character –µ (U+0435)
               not set up for use with LaTeX.

See the LaTeX manual or LaTeX Companion for explanation.
Type  H <return>  for immediate help.
 ...                                              
                                                  
l.5 	¬´–ù–∞—Ü–∏–æ–Ω–∞–ª—å–Ω—ã–π –∏—Å—Å–ª–µ
                                          –¥–æ–≤–∞—Ç–µ–ª—å—Å–∫–∏–π —É–Ω–∏–≤–...
(That makes 100 errors; please try again.) 
Here is how much of TeX's memory you used:
 47 strings out of 475385
 867 string characters out of 2774547
 340166 words of memory out of 3000000
 21527 multiletter control sequences out of 15000+600000
 469259 words of font info for 28 fonts, out of 8000000 for 9000
 1141 hyphenation exceptions out of 8191
 15i,1n,12p,149b,105s stack positions out of 10000i,1000n,20000p,200000b,80000s

title.tex:5:  ==> Fatal error occurred, no output PDF file produced!
